[debug] [2024-04-28T18:34:57.147Z] ----------------------------------------------------------------------
[debug] [2024-04-28T18:34:57.148Z] Command:       C:\Program Files\nodejs\node.exe C:\Users\usuario\AppData\Roaming\npm\node_modules\firebase-tools\lib\bin\firebase.js init
[debug] [2024-04-28T18:34:57.148Z] CLI Version:   13.7.5
[debug] [2024-04-28T18:34:57.149Z] Platform:      win32
[debug] [2024-04-28T18:34:57.149Z] Node Version:  v20.11.0
[debug] [2024-04-28T18:34:57.149Z] Time:          Sun Apr 28 2024 13:34:57 GMT-0500 (hora estándar de Colombia)
[debug] [2024-04-28T18:34:57.149Z] ----------------------------------------------------------------------
[debug] 
[debug] [2024-04-28T18:34:57.151Z] >>> [apiv2][query] GET https://firebase-public.firebaseio.com/cli.json [none]
[debug] [2024-04-28T18:34:57.178Z] > command requires scopes: ["email","openid","https://www.googleapis.com/auth/cloudplatformprojects.readonly","https://www.googleapis.com/auth/firebase","https://www.googleapis.com/auth/cloud-platform"]
[debug] [2024-04-28T18:34:57.179Z] > authorizing via signed-in user (jose.nova@cun.edu.co)
[info] 
     ######## #### ########  ######## ########     ###     ######  ########
     ##        ##  ##     ## ##       ##     ##  ##   ##  ##       ##
     ######    ##  ########  ######   ########  #########  ######  ######
     ##        ##  ##    ##  ##       ##     ## ##     ##       ## ##
     ##       #### ##     ## ######## ########  ##     ##  ######  ########

You're about to initialize a Firebase project in this directory:

  C:\Users\usuario\Documents\CUN\Ingenieria Web\ACA\mercarfrut

[debug] [2024-04-28T18:34:57.493Z] <<< [apiv2][status] GET https://firebase-public.firebaseio.com/cli.json 200
[debug] [2024-04-28T18:34:57.494Z] <<< [apiv2][body] GET https://firebase-public.firebaseio.com/cli.json {"cloudBuildErrorAfter":1594252800000,"cloudBuildWarnAfter":1590019200000,"defaultNode10After":1594252800000,"minVersion":"3.0.5","node8DeploysDisabledAfter":1613390400000,"node8RuntimeDisabledAfter":1615809600000,"node8WarnAfter":1600128000000}
